<?xml version="1.0" encoding="UTF-8"?>
<!-- Generated by org.testng.reporters.JUnitXMLReporter -->
<testsuite hostname="Cemils-MBP.fios-router.home" ignored="2" name="Default test" tests="5" failures="0" timestamp="2021-03-08T14:54:32 EST" time="16.736" errors="0">
  <testcase name="invalidLoginTest" time="0.64" classname="com.siliconelabs.qa.tests.LoginPageTest"/>
  <testcase name="invalidLoginTest" time="0.592" classname="com.siliconelabs.qa.tests.LoginPageTest"/>
  <testcase name="invalidLoginTest" time="0.603" classname="com.siliconelabs.qa.tests.LoginPageTest"/>
  <testcase name="invalidLoginTest" time="0.56" classname="com.siliconelabs.qa.tests.LoginPageTest"/>
  <testcase name="invalidLoginTest" time="0.579" classname="com.siliconelabs.qa.tests.LoginPageTest"/>
  <testcase name="loginPageTitleTest" time="0.0" classname="com.siliconelabs.qa.tests.LoginPageTest">
    <ignored/>
  </testcase> <!-- loginPageTitleTest -->
  <testcase name="loginTest" time="0.0" classname="com.siliconelabs.qa.tests.LoginPageTest">
    <ignored/>
  </testcase> <!-- loginTest -->
</testsuite> <!-- Default test -->
