<?xml version="1.0" encoding="UTF-8"?>
<testng-results skipped="0" failed="0" ignored="2" total="7" passed="5">
  <reporter-output>
  </reporter-output>
  <suite name="Default suite" duration-ms="16736" started-at="2021-03-08T14:54:15 EST" finished-at="2021-03-08T14:54:32 EST">
    <groups>
    </groups>
    <test name="Default test" duration-ms="16736" started-at="2021-03-08T14:54:15 EST" finished-at="2021-03-08T14:54:32 EST">
      <class name="com.siliconelabs.qa.tests.LoginPageTest">
        <test-method status="PASS" signature="setUp()[pri:0, instance:com.siliconelabs.qa.tests.LoginPageTest@1d29cf23]" name="setUp" is-config="true" duration-ms="3425" started-at="2021-03-08T14:54:15 EST" finished-at="2021-03-08T14:54:19 EST">
          <reporter-output>
          </reporter-output>
        </test-method> <!-- setUp -->
        <test-method status="PASS" signature="invalidLoginTest(java.lang.String, java.lang.String)[pri:3, instance:com.siliconelabs.qa.tests.LoginPageTest@1d29cf23]" name="invalidLoginTest" duration-ms="640" started-at="2021-03-08T14:54:19 EST" data-provider="invalidLoginData" finished-at="2021-03-08T14:54:19 EST">
          <params>
            <param index="0">
              <value>
                <![CDATA[Fatih]]>
              </value>
            </param>
            <param index="1">
              <value>
                <![CDATA[ ]]>
              </value>
            </param>
          </params>
          <reporter-output>
          </reporter-output>
        </test-method> <!-- invalidLoginTest -->
        <test-method status="PASS" signature="exit()[pri:0, instance:com.siliconelabs.qa.tests.LoginPageTest@1d29cf23]" name="exit" is-config="true" duration-ms="103" started-at="2021-03-08T14:54:19 EST" finished-at="2021-03-08T14:54:19 EST">
          <reporter-output>
          </reporter-output>
        </test-method> <!-- exit -->
        <test-method status="PASS" signature="setUp()[pri:0, instance:com.siliconelabs.qa.tests.LoginPageTest@1d29cf23]" name="setUp" is-config="true" duration-ms="2224" started-at="2021-03-08T14:54:19 EST" finished-at="2021-03-08T14:54:22 EST">
          <reporter-output>
          </reporter-output>
        </test-method> <!-- setUp -->
        <test-method status="PASS" signature="invalidLoginTest(java.lang.String, java.lang.String)[pri:3, instance:com.siliconelabs.qa.tests.LoginPageTest@1d29cf23]" name="invalidLoginTest" duration-ms="592" started-at="2021-03-08T14:54:22 EST" data-provider="invalidLoginData" finished-at="2021-03-08T14:54:22 EST">
          <params>
            <param index="0">
              <value>
                <![CDATA[ ]]>
              </value>
            </param>
            <param index="1">
              <value>
                <![CDATA[test123]]>
              </value>
            </param>
          </params>
          <reporter-output>
          </reporter-output>
        </test-method> <!-- invalidLoginTest -->
        <test-method status="PASS" signature="exit()[pri:0, instance:com.siliconelabs.qa.tests.LoginPageTest@1d29cf23]" name="exit" is-config="true" duration-ms="100" started-at="2021-03-08T14:54:22 EST" finished-at="2021-03-08T14:54:22 EST">
          <reporter-output>
          </reporter-output>
        </test-method> <!-- exit -->
        <test-method status="PASS" signature="setUp()[pri:0, instance:com.siliconelabs.qa.tests.LoginPageTest@1d29cf23]" name="setUp" is-config="true" duration-ms="2587" started-at="2021-03-08T14:54:22 EST" finished-at="2021-03-08T14:54:25 EST">
          <reporter-output>
          </reporter-output>
        </test-method> <!-- setUp -->
        <test-method status="PASS" signature="invalidLoginTest(java.lang.String, java.lang.String)[pri:3, instance:com.siliconelabs.qa.tests.LoginPageTest@1d29cf23]" name="invalidLoginTest" duration-ms="603" started-at="2021-03-08T14:54:25 EST" data-provider="invalidLoginData" finished-at="2021-03-08T14:54:26 EST">
          <params>
            <param index="0">
              <value>
                <![CDATA[$#test]]>
              </value>
            </param>
            <param index="1">
              <value>
                <![CDATA[6473]]>
              </value>
            </param>
          </params>
          <reporter-output>
          </reporter-output>
        </test-method> <!-- invalidLoginTest -->
        <test-method status="PASS" signature="exit()[pri:0, instance:com.siliconelabs.qa.tests.LoginPageTest@1d29cf23]" name="exit" is-config="true" duration-ms="113" started-at="2021-03-08T14:54:26 EST" finished-at="2021-03-08T14:54:26 EST">
          <reporter-output>
          </reporter-output>
        </test-method> <!-- exit -->
        <test-method status="PASS" signature="setUp()[pri:0, instance:com.siliconelabs.qa.tests.LoginPageTest@1d29cf23]" name="setUp" is-config="true" duration-ms="2502" started-at="2021-03-08T14:54:26 EST" finished-at="2021-03-08T14:54:28 EST">
          <reporter-output>
          </reporter-output>
        </test-method> <!-- setUp -->
        <test-method status="PASS" signature="invalidLoginTest(java.lang.String, java.lang.String)[pri:3, instance:com.siliconelabs.qa.tests.LoginPageTest@1d29cf23]" name="invalidLoginTest" duration-ms="560" started-at="2021-03-08T14:54:28 EST" data-provider="invalidLoginData" finished-at="2021-03-08T14:54:29 EST">
          <params>
            <param index="0">
              <value>
                <![CDATA[123134]]>
              </value>
            </param>
            <param index="1">
              <value>
                <![CDATA[.4&^32]]>
              </value>
            </param>
          </params>
          <reporter-output>
          </reporter-output>
        </test-method> <!-- invalidLoginTest -->
        <test-method status="PASS" signature="exit()[pri:0, instance:com.siliconelabs.qa.tests.LoginPageTest@1d29cf23]" name="exit" is-config="true" duration-ms="100" started-at="2021-03-08T14:54:29 EST" finished-at="2021-03-08T14:54:29 EST">
          <reporter-output>
          </reporter-output>
        </test-method> <!-- exit -->
        <test-method status="PASS" signature="setUp()[pri:0, instance:com.siliconelabs.qa.tests.LoginPageTest@1d29cf23]" name="setUp" is-config="true" duration-ms="2455" started-at="2021-03-08T14:54:29 EST" finished-at="2021-03-08T14:54:31 EST">
          <reporter-output>
          </reporter-output>
        </test-method> <!-- setUp -->
        <test-method status="PASS" signature="invalidLoginTest(java.lang.String, java.lang.String)[pri:3, instance:com.siliconelabs.qa.tests.LoginPageTest@1d29cf23]" name="invalidLoginTest" duration-ms="579" started-at="2021-03-08T14:54:31 EST" data-provider="invalidLoginData" finished-at="2021-03-08T14:54:32 EST">
          <params>
            <param index="0">
              <value>
                <![CDATA[ ]]>
              </value>
            </param>
            <param index="1">
              <value>
                <![CDATA[ ]]>
              </value>
            </param>
          </params>
          <reporter-output>
          </reporter-output>
        </test-method> <!-- invalidLoginTest -->
        <test-method status="PASS" signature="exit()[pri:0, instance:com.siliconelabs.qa.tests.LoginPageTest@1d29cf23]" name="exit" is-config="true" duration-ms="99" started-at="2021-03-08T14:54:32 EST" finished-at="2021-03-08T14:54:32 EST">
          <reporter-output>
          </reporter-output>
        </test-method> <!-- exit -->
      </class> <!-- com.siliconelabs.qa.tests.LoginPageTest -->
    </test> <!-- Default test -->
  </suite> <!-- Default suite -->
</testng-results>
